0 info it worked if it ends with ok
1 verbose cli [ '/usr/bin/nodejs', '/usr/bin/npm', 'install' ]
2 info using npm@3.8.6
3 info using node@v5.11.0
4 silly loadCurrentTree Starting
5 silly install loadCurrentTree
6 silly install readLocalPackageData
7 silly install normalizeTree
8 silly loadCurrentTree Finishing
9 silly loadIdealTree Starting
10 silly install loadIdealTree
11 silly cloneCurrentTree Starting
12 silly install cloneCurrentTreeToIdealTree
13 silly cloneCurrentTree Finishing
14 silly loadShrinkwrap Starting
15 silly install loadShrinkwrap
16 silly loadShrinkwrap Finishing
17 silly loadAllDepsIntoIdealTree Starting
18 silly install loadAllDepsIntoIdealTree
19 silly loadAllDepsIntoIdealTree Finishing
20 silly idealTree:prePrune auraart@1.0.0
20 silly idealTree:prePrune +-- abbrev@1.0.7
20 silly idealTree:prePrune +-- amdefine@1.0.0
20 silly idealTree:prePrune +-- ansi-regex@2.0.0
20 silly idealTree:prePrune +-- ansi-styles@2.2.1
20 silly idealTree:prePrune +-- ansi@0.3.1
20 silly idealTree:prePrune +-- archy@1.0.0
20 silly idealTree:prePrune +-- are-we-there-yet@1.0.6
20 silly idealTree:prePrune +-- array-differ@1.0.0
20 silly idealTree:prePrune +-- array-find-index@1.0.1
20 silly idealTree:prePrune +-- array-index@1.0.0
20 silly idealTree:prePrune +-- array-uniq@1.0.2
20 silly idealTree:prePrune +-- asn1@0.1.11
20 silly idealTree:prePrune +-- assert-plus@0.1.5
20 silly idealTree:prePrune +-- async-foreach@0.1.3
20 silly idealTree:prePrune +-- async@0.9.2
20 silly idealTree:prePrune +-- aws-sign2@0.5.0
20 silly idealTree:prePrune +-- aws4@1.4.1
20 silly idealTree:prePrune +-- balanced-match@0.4.1
20 silly idealTree:prePrune +-- beeper@1.1.0
20 silly idealTree:prePrune +-- bl@0.9.5
20 silly idealTree:prePrune | `-- readable-stream@1.0.34
20 silly idealTree:prePrune +-- block-stream@0.0.9
20 silly idealTree:prePrune +-- boom@0.4.2
20 silly idealTree:prePrune +-- bower@1.7.9
20 silly idealTree:prePrune +-- brace-expansion@1.1.4
20 silly idealTree:prePrune +-- bufferstreams@0.0.2
20 silly idealTree:prePrune +-- builtin-modules@1.1.1
20 silly idealTree:prePrune +-- camelcase-keys@2.1.0
20 silly idealTree:prePrune +-- camelcase@2.1.1
20 silly idealTree:prePrune +-- caseless@0.8.0
20 silly idealTree:prePrune +-- chalk@1.1.3
20 silly idealTree:prePrune +-- clean-css@3.0.10
20 silly idealTree:prePrune | `-- source-map@0.1.43
20 silly idealTree:prePrune +-- cliui@3.2.0
20 silly idealTree:prePrune +-- clone-stats@0.0.1
20 silly idealTree:prePrune +-- clone@1.0.2
20 silly idealTree:prePrune +-- code-point-at@1.0.0
20 silly idealTree:prePrune +-- combined-stream@0.0.7
20 silly idealTree:prePrune +-- commander@2.5.1
20 silly idealTree:prePrune +-- concat-map@0.0.1
20 silly idealTree:prePrune +-- concat-with-sourcemaps@1.0.4
20 silly idealTree:prePrune +-- config-chain@1.1.10
20 silly idealTree:prePrune +-- core-util-is@1.0.2
20 silly idealTree:prePrune +-- cross-spawn-async@2.2.4
20 silly idealTree:prePrune | +-- lru-cache@4.0.1
20 silly idealTree:prePrune | `-- which@1.2.9
20 silly idealTree:prePrune +-- cross-spawn@0.2.9
20 silly idealTree:prePrune +-- cryptiles@0.2.2
20 silly idealTree:prePrune +-- ctype@0.5.3
20 silly idealTree:prePrune +-- d@0.1.1
20 silly idealTree:prePrune +-- dashdash@1.13.1
20 silly idealTree:prePrune | `-- assert-plus@1.0.0
20 silly idealTree:prePrune +-- dateformat@1.0.12
20 silly idealTree:prePrune +-- debug@2.2.0
20 silly idealTree:prePrune +-- decamelize@1.2.0
20 silly idealTree:prePrune +-- defaults@1.0.3
20 silly idealTree:prePrune +-- delayed-stream@0.0.5
20 silly idealTree:prePrune +-- delegates@1.0.0
20 silly idealTree:prePrune +-- deprecated@0.0.1
20 silly idealTree:prePrune +-- diff@1.4.0
20 silly idealTree:prePrune +-- duplexer2@0.0.2
20 silly idealTree:prePrune +-- ecc-jsbn@0.1.1
20 silly idealTree:prePrune +-- end-of-stream@0.1.5
20 silly idealTree:prePrune +-- error-ex@1.3.0
20 silly idealTree:prePrune +-- es5-ext@0.10.11
20 silly idealTree:prePrune +-- es6-iterator@2.0.0
20 silly idealTree:prePrune +-- es6-symbol@3.0.2
20 silly idealTree:prePrune +-- escape-string-regexp@1.0.5
20 silly idealTree:prePrune +-- extend@2.0.1
20 silly idealTree:prePrune +-- extsprintf@1.0.2
20 silly idealTree:prePrune +-- fancy-log@1.2.0
20 silly idealTree:prePrune +-- find-index@0.1.1
20 silly idealTree:prePrune +-- find-up@1.1.2
20 silly idealTree:prePrune +-- findup-sync@0.3.0
20 silly idealTree:prePrune +-- first-chunk-stream@1.0.0
20 silly idealTree:prePrune +-- flagged-respawn@0.3.2
20 silly idealTree:prePrune +-- forever-agent@0.5.2
20 silly idealTree:prePrune +-- form-data@0.2.0
20 silly idealTree:prePrune | `-- mime-types@2.0.14
20 silly idealTree:prePrune +-- fstream@1.0.9
20 silly idealTree:prePrune +-- gauge@1.0.2
20 silly idealTree:prePrune +-- gaze@0.5.2
20 silly idealTree:prePrune +-- generate-function@2.0.0
20 silly idealTree:prePrune +-- generate-object-property@1.2.0
20 silly idealTree:prePrune +-- get-stdin@4.0.1
20 silly idealTree:prePrune +-- getpass@0.1.6
20 silly idealTree:prePrune | `-- assert-plus@1.0.0
20 silly idealTree:prePrune +-- glob-stream@3.1.18
20 silly idealTree:prePrune | +-- glob@4.5.3
20 silly idealTree:prePrune | +-- minimatch@2.0.10
20 silly idealTree:prePrune | +-- readable-stream@1.0.34
20 silly idealTree:prePrune | `-- through2@0.6.5
20 silly idealTree:prePrune +-- glob-watcher@0.0.6
20 silly idealTree:prePrune +-- glob@5.0.15
20 silly idealTree:prePrune +-- glob2base@0.0.12
20 silly idealTree:prePrune +-- globule@0.1.0
20 silly idealTree:prePrune | +-- glob@3.1.21
20 silly idealTree:prePrune | +-- graceful-fs@1.2.3
20 silly idealTree:prePrune | +-- inherits@1.0.2
20 silly idealTree:prePrune | `-- minimatch@0.2.14
20 silly idealTree:prePrune +-- glogg@1.0.0
20 silly idealTree:prePrune +-- graceful-fs@4.1.4
20 silly idealTree:prePrune +-- graceful-readlink@1.0.1
20 silly idealTree:prePrune +-- growl@1.9.2
20 silly idealTree:prePrune +-- gulp-concat@2.6.0
20 silly idealTree:prePrune | +-- gulp-util@3.0.7
20 silly idealTree:prePrune | | +-- isarray@1.0.0
20 silly idealTree:prePrune | | +-- readable-stream@2.0.6
20 silly idealTree:prePrune | | `-- through2@2.0.1
20 silly idealTree:prePrune | +-- lodash._reinterpolate@3.0.0
20 silly idealTree:prePrune | +-- lodash.escape@3.2.0
20 silly idealTree:prePrune | +-- lodash.keys@3.1.2
20 silly idealTree:prePrune | +-- lodash.template@3.6.2
20 silly idealTree:prePrune | +-- lodash.templatesettings@3.1.1
20 silly idealTree:prePrune | +-- readable-stream@1.0.34
20 silly idealTree:prePrune | +-- through2@0.6.5
20 silly idealTree:prePrune | `-- vinyl@0.5.3
20 silly idealTree:prePrune +-- gulp-minify-css@0.3.13
20 silly idealTree:prePrune | +-- gulp-util@3.0.7
20 silly idealTree:prePrune | | +-- isarray@1.0.0
20 silly idealTree:prePrune | | +-- readable-stream@2.0.6
20 silly idealTree:prePrune | | `-- through2@2.0.1
20 silly idealTree:prePrune | +-- lodash._reinterpolate@3.0.0
20 silly idealTree:prePrune | +-- lodash.escape@3.2.0
20 silly idealTree:prePrune | +-- lodash.keys@3.1.2
20 silly idealTree:prePrune | +-- lodash.template@3.6.2
20 silly idealTree:prePrune | +-- lodash.templatesettings@3.1.1
20 silly idealTree:prePrune | +-- readable-stream@1.0.34
20 silly idealTree:prePrune | +-- through2@0.6.5
20 silly idealTree:prePrune | `-- vinyl@0.5.3
20 silly idealTree:prePrune +-- gulp-rename@1.2.2
20 silly idealTree:prePrune +-- gulp-sass@1.3.3
20 silly idealTree:prePrune | +-- clone@0.1.19
20 silly idealTree:prePrune | +-- gulp-util@3.0.7
20 silly idealTree:prePrune | +-- isarray@1.0.0
20 silly idealTree:prePrune | +-- lodash._reinterpolate@3.0.0
20 silly idealTree:prePrune | +-- lodash.escape@3.2.0
20 silly idealTree:prePrune | +-- lodash.keys@3.1.2
20 silly idealTree:prePrune | +-- lodash.template@3.6.2
20 silly idealTree:prePrune | +-- lodash.templatesettings@3.1.1
20 silly idealTree:prePrune | +-- readable-stream@2.0.6
20 silly idealTree:prePrune | +-- through2@2.0.1
20 silly idealTree:prePrune | `-- vinyl@0.5.3
20 silly idealTree:prePrune |   `-- clone@1.0.2
20 silly idealTree:prePrune +-- gulp-util@2.2.20
20 silly idealTree:prePrune | +-- ansi-regex@0.2.1
20 silly idealTree:prePrune | +-- ansi-styles@1.1.0
20 silly idealTree:prePrune | +-- chalk@0.5.1
20 silly idealTree:prePrune | +-- has-ansi@0.1.0
20 silly idealTree:prePrune | +-- minimist@0.2.0
20 silly idealTree:prePrune | +-- strip-ansi@0.3.0
20 silly idealTree:prePrune | `-- supports-color@0.2.0
20 silly idealTree:prePrune +-- gulp@3.9.1
20 silly idealTree:prePrune | +-- gulp-util@3.0.7
20 silly idealTree:prePrune | +-- isarray@1.0.0
20 silly idealTree:prePrune | +-- lodash._reinterpolate@3.0.0
20 silly idealTree:prePrune | +-- lodash.escape@3.2.0
20 silly idealTree:prePrune | +-- lodash.keys@3.1.2
20 silly idealTree:prePrune | +-- lodash.template@3.6.2
20 silly idealTree:prePrune | +-- lodash.templatesettings@3.1.1
20 silly idealTree:prePrune | +-- readable-stream@2.0.6
20 silly idealTree:prePrune | +-- through2@2.0.1
20 silly idealTree:prePrune | `-- vinyl@0.5.3
20 silly idealTree:prePrune +-- gulplog@1.0.0
20 silly idealTree:prePrune +-- har-validator@2.0.6
20 silly idealTree:prePrune | `-- commander@2.9.0
20 silly idealTree:prePrune +-- has-ansi@2.0.0
20 silly idealTree:prePrune +-- has-gulplog@0.1.0
20 silly idealTree:prePrune +-- has-unicode@1.0.1
20 silly idealTree:prePrune +-- hawk@1.1.1
20 silly idealTree:prePrune +-- hoek@0.9.1
20 silly idealTree:prePrune +-- hosted-git-info@2.1.5
20 silly idealTree:prePrune +-- http-signature@0.10.1
20 silly idealTree:prePrune +-- in-publish@2.0.0
20 silly idealTree:prePrune +-- indent-string@2.1.0
20 silly idealTree:prePrune +-- inflight@1.0.5
20 silly idealTree:prePrune +-- inherits@2.0.1
20 silly idealTree:prePrune +-- ini@1.3.4
20 silly idealTree:prePrune +-- interpret@1.0.1
20 silly idealTree:prePrune +-- invert-kv@1.0.0
20 silly idealTree:prePrune +-- is-arrayish@0.2.1
20 silly idealTree:prePrune +-- is-builtin-module@1.0.0
20 silly idealTree:prePrune +-- is-finite@1.0.1
20 silly idealTree:prePrune +-- is-fullwidth-code-point@1.0.0
20 silly idealTree:prePrune +-- is-my-json-valid@2.13.1
20 silly idealTree:prePrune +-- is-property@1.0.2
20 silly idealTree:prePrune +-- is-typedarray@1.0.0
20 silly idealTree:prePrune +-- is-utf8@0.2.1
20 silly idealTree:prePrune +-- isarray@0.0.1
20 silly idealTree:prePrune +-- isexe@1.1.2
20 silly idealTree:prePrune +-- isstream@0.1.2
20 silly idealTree:prePrune +-- jade@0.26.3
20 silly idealTree:prePrune | +-- commander@0.6.1
20 silly idealTree:prePrune | `-- mkdirp@0.3.0
20 silly idealTree:prePrune +-- jodid25519@1.0.2
20 silly idealTree:prePrune +-- jsbn@0.1.0
20 silly idealTree:prePrune +-- json-schema@0.2.2
20 silly idealTree:prePrune +-- json-stringify-safe@5.0.1
20 silly idealTree:prePrune +-- jsonpointer@2.0.0
20 silly idealTree:prePrune +-- jsprim@1.2.2
20 silly idealTree:prePrune +-- lcid@1.0.0
20 silly idealTree:prePrune +-- liftoff@2.2.1
20 silly idealTree:prePrune +-- load-json-file@1.1.0
20 silly idealTree:prePrune +-- lodash._basecopy@3.0.1
20 silly idealTree:prePrune +-- lodash._basetostring@3.0.1
20 silly idealTree:prePrune +-- lodash._basevalues@3.0.0
20 silly idealTree:prePrune +-- lodash._escapehtmlchar@2.4.1
20 silly idealTree:prePrune +-- lodash._escapestringchar@2.4.1
20 silly idealTree:prePrune +-- lodash._getnative@3.9.1
20 silly idealTree:prePrune +-- lodash._htmlescapes@2.4.1
20 silly idealTree:prePrune +-- lodash._isiterateecall@3.0.9
20 silly idealTree:prePrune +-- lodash._isnative@2.4.1
20 silly idealTree:prePrune +-- lodash._objecttypes@2.4.1
20 silly idealTree:prePrune +-- lodash._reescape@3.0.0
20 silly idealTree:prePrune +-- lodash._reevaluate@3.0.0
20 silly idealTree:prePrune +-- lodash._reinterpolate@2.4.1
20 silly idealTree:prePrune +-- lodash._reunescapedhtml@2.4.1
20 silly idealTree:prePrune +-- lodash._root@3.0.1
20 silly idealTree:prePrune +-- lodash._shimkeys@2.4.1
20 silly idealTree:prePrune +-- lodash.defaults@2.4.1
20 silly idealTree:prePrune +-- lodash.escape@2.4.1
20 silly idealTree:prePrune +-- lodash.isarguments@3.0.8
20 silly idealTree:prePrune +-- lodash.isarray@3.0.4
20 silly idealTree:prePrune +-- lodash.isobject@2.4.1
20 silly idealTree:prePrune +-- lodash.keys@2.4.1
20 silly idealTree:prePrune +-- lodash.restparam@3.6.1
20 silly idealTree:prePrune +-- lodash.template@2.4.1
20 silly idealTree:prePrune +-- lodash.templatesettings@2.4.1
20 silly idealTree:prePrune +-- lodash.values@2.4.1
20 silly idealTree:prePrune +-- lodash@1.0.2
20 silly idealTree:prePrune +-- loud-rejection@1.3.0
20 silly idealTree:prePrune +-- lru-cache@2.7.3
20 silly idealTree:prePrune +-- map-obj@1.0.1
20 silly idealTree:prePrune +-- map-stream@0.1.0
20 silly idealTree:prePrune +-- memory-cache@0.0.5
20 silly idealTree:prePrune +-- meow@3.7.0
20 silly idealTree:prePrune | `-- object-assign@4.1.0
20 silly idealTree:prePrune +-- mime-db@1.12.0
20 silly idealTree:prePrune +-- mime-types@1.0.2
20 silly idealTree:prePrune +-- minimatch@3.0.0
20 silly idealTree:prePrune +-- minimist@1.2.0
20 silly idealTree:prePrune +-- mkdirp@0.5.1
20 silly idealTree:prePrune | `-- minimist@0.0.8
20 silly idealTree:prePrune +-- mocha@2.5.3
20 silly idealTree:prePrune | +-- commander@2.3.0
20 silly idealTree:prePrune | +-- escape-string-regexp@1.0.2
20 silly idealTree:prePrune | +-- glob@3.2.11
20 silly idealTree:prePrune | +-- minimatch@0.3.0
20 silly idealTree:prePrune | `-- supports-color@1.2.0
20 silly idealTree:prePrune +-- ms@0.7.1
20 silly idealTree:prePrune +-- multipipe@0.1.2
20 silly idealTree:prePrune +-- nan@1.9.0
20 silly idealTree:prePrune +-- node-gyp@3.3.1
20 silly idealTree:prePrune | +-- glob@4.5.3
20 silly idealTree:prePrune | | `-- minimatch@2.0.10
20 silly idealTree:prePrune | +-- minimatch@1.0.0
20 silly idealTree:prePrune | `-- tar@2.2.1
20 silly idealTree:prePrune +-- node-sass-middleware@0.9.8
20 silly idealTree:prePrune | +-- gaze@1.0.0
20 silly idealTree:prePrune | +-- glob@7.0.3
20 silly idealTree:prePrune | | `-- minimatch@3.0.0
20 silly idealTree:prePrune | +-- globule@0.2.0
20 silly idealTree:prePrune | | `-- glob@3.2.11
20 silly idealTree:prePrune | |   `-- minimatch@0.3.0
20 silly idealTree:prePrune | +-- lodash@2.4.2
20 silly idealTree:prePrune | +-- minimatch@0.2.14
20 silly idealTree:prePrune | +-- nan@2.3.4
20 silly idealTree:prePrune | +-- node-sass@3.7.0
20 silly idealTree:prePrune | `-- sass-graph@2.1.1
20 silly idealTree:prePrune |   +-- glob@6.0.4
20 silly idealTree:prePrune |   +-- lodash@4.13.1
20 silly idealTree:prePrune |   `-- minimatch@3.0.0
20 silly idealTree:prePrune +-- node-sass@2.1.1
20 silly idealTree:prePrune | +-- ansi-regex@0.2.1
20 silly idealTree:prePrune | +-- ansi-styles@1.1.0
20 silly idealTree:prePrune | +-- chalk@0.5.1
20 silly idealTree:prePrune | +-- has-ansi@0.1.0
20 silly idealTree:prePrune | +-- object-assign@2.1.1
20 silly idealTree:prePrune | +-- strip-ansi@0.3.0
20 silly idealTree:prePrune | `-- supports-color@0.2.0
20 silly idealTree:prePrune +-- node-uuid@1.4.7
20 silly idealTree:prePrune +-- nopt@3.0.6
20 silly idealTree:prePrune +-- normalize-package-data@2.3.5
20 silly idealTree:prePrune +-- npmconf@2.1.2
20 silly idealTree:prePrune +-- npmlog@1.0.0
20 silly idealTree:prePrune +-- number-is-nan@1.0.0
20 silly idealTree:prePrune +-- oauth-sign@0.5.0
20 silly idealTree:prePrune +-- object-assign@3.0.0
20 silly idealTree:prePrune +-- once@1.3.3
20 silly idealTree:prePrune +-- orchestrator@0.3.7
20 silly idealTree:prePrune +-- ordered-read-streams@0.1.0
20 silly idealTree:prePrune +-- os-homedir@1.0.1
20 silly idealTree:prePrune +-- os-locale@1.4.0
20 silly idealTree:prePrune +-- os-tmpdir@1.0.1
20 silly idealTree:prePrune +-- osenv@0.1.3
20 silly idealTree:prePrune +-- pangyp@2.3.3
20 silly idealTree:prePrune | +-- glob@4.3.5
20 silly idealTree:prePrune | +-- graceful-fs@3.0.8
20 silly idealTree:prePrune | +-- minimatch@2.0.10
20 silly idealTree:prePrune | `-- request@2.51.0
20 silly idealTree:prePrune +-- parse-json@2.2.0
20 silly idealTree:prePrune +-- path-array@1.0.1
20 silly idealTree:prePrune +-- path-exists@2.1.0
20 silly idealTree:prePrune +-- path-is-absolute@1.0.0
20 silly idealTree:prePrune +-- path-type@1.1.0
20 silly idealTree:prePrune +-- pify@2.3.0
20 silly idealTree:prePrune +-- pinkie-promise@2.0.1
20 silly idealTree:prePrune +-- pinkie@2.0.4
20 silly idealTree:prePrune +-- pretty-hrtime@1.0.2
20 silly idealTree:prePrune +-- process-nextick-args@1.0.7
20 silly idealTree:prePrune +-- proto-list@1.2.4
20 silly idealTree:prePrune +-- pseudomap@1.0.2
20 silly idealTree:prePrune +-- qs@2.3.3
20 silly idealTree:prePrune +-- read-pkg-up@1.0.1
20 silly idealTree:prePrune +-- read-pkg@1.1.0
20 silly idealTree:prePrune +-- readable-stream@1.1.14
20 silly idealTree:prePrune +-- rechoir@0.6.2
20 silly idealTree:prePrune +-- redent@1.0.0
20 silly idealTree:prePrune +-- repeating@2.0.1
20 silly idealTree:prePrune +-- replace-ext@0.0.1
20 silly idealTree:prePrune +-- request@2.72.0
20 silly idealTree:prePrune | +-- assert-plus@0.2.0
20 silly idealTree:prePrune | +-- async@1.5.2
20 silly idealTree:prePrune | +-- aws-sign2@0.6.0
20 silly idealTree:prePrune | +-- bl@1.1.2
20 silly idealTree:prePrune | +-- boom@2.10.1
20 silly idealTree:prePrune | +-- caseless@0.11.0
20 silly idealTree:prePrune | +-- combined-stream@1.0.5
20 silly idealTree:prePrune | +-- cryptiles@2.0.5
20 silly idealTree:prePrune | +-- delayed-stream@1.0.0
20 silly idealTree:prePrune | +-- extend@3.0.0
20 silly idealTree:prePrune | +-- forever-agent@0.6.1
20 silly idealTree:prePrune | +-- form-data@1.0.0-rc4
20 silly idealTree:prePrune | +-- hawk@3.1.3
20 silly idealTree:prePrune | +-- hoek@2.16.3
20 silly idealTree:prePrune | +-- http-signature@1.1.1
20 silly idealTree:prePrune | +-- isarray@1.0.0
20 silly idealTree:prePrune | +-- mime-db@1.23.0
20 silly idealTree:prePrune | +-- mime-types@2.1.11
20 silly idealTree:prePrune | +-- oauth-sign@0.8.2
20 silly idealTree:prePrune | +-- qs@6.1.0
20 silly idealTree:prePrune | +-- readable-stream@2.0.6
20 silly idealTree:prePrune | `-- sntp@1.0.9
20 silly idealTree:prePrune +-- resolve@1.1.7
20 silly idealTree:prePrune +-- rimraf@2.2.8
20 silly idealTree:prePrune +-- sass-graph@1.3.0
20 silly idealTree:prePrune | +-- commander@2.9.0
20 silly idealTree:prePrune | +-- glob@4.5.3
20 silly idealTree:prePrune | +-- lodash@2.4.2
20 silly idealTree:prePrune | `-- minimatch@2.0.10
20 silly idealTree:prePrune +-- semver@4.3.6
20 silly idealTree:prePrune +-- sequencify@0.0.7
20 silly idealTree:prePrune +-- shelljs@0.3.0
20 silly idealTree:prePrune +-- sigmund@1.0.1
20 silly idealTree:prePrune +-- signal-exit@2.1.2
20 silly idealTree:prePrune +-- sntp@0.2.4
20 silly idealTree:prePrune +-- source-map@0.5.6
20 silly idealTree:prePrune +-- sparkles@1.0.0
20 silly idealTree:prePrune +-- spdx-correct@1.0.2
20 silly idealTree:prePrune +-- spdx-exceptions@1.0.4
20 silly idealTree:prePrune +-- spdx-expression-parse@1.0.2
20 silly idealTree:prePrune +-- spdx-license-ids@1.2.1
20 silly idealTree:prePrune +-- sshpk@1.8.3
20 silly idealTree:prePrune | +-- asn1@0.2.3
20 silly idealTree:prePrune | `-- assert-plus@1.0.0
20 silly idealTree:prePrune +-- stream-consume@0.1.0
20 silly idealTree:prePrune +-- string_decoder@0.10.31
20 silly idealTree:prePrune +-- string-width@1.0.1
20 silly idealTree:prePrune +-- stringstream@0.0.5
20 silly idealTree:prePrune +-- strip-ansi@3.0.1
20 silly idealTree:prePrune +-- strip-bom@2.0.0
20 silly idealTree:prePrune +-- strip-indent@1.0.1
20 silly idealTree:prePrune +-- supports-color@2.0.0
20 silly idealTree:prePrune +-- tar@1.0.3
20 silly idealTree:prePrune +-- through2@0.5.1
20 silly idealTree:prePrune | +-- readable-stream@1.0.34
20 silly idealTree:prePrune | `-- xtend@3.0.0
20 silly idealTree:prePrune +-- tildify@1.2.0
20 silly idealTree:prePrune +-- time-stamp@1.0.1
20 silly idealTree:prePrune +-- to-iso-string@0.0.2
20 silly idealTree:prePrune +-- tough-cookie@2.2.2
20 silly idealTree:prePrune +-- trim-newlines@1.0.0
20 silly idealTree:prePrune +-- tunnel-agent@0.4.3
20 silly idealTree:prePrune +-- tweetnacl@0.13.3
20 silly idealTree:prePrune +-- uid-number@0.0.5
20 silly idealTree:prePrune +-- unique-stream@1.0.0
20 silly idealTree:prePrune +-- user-home@1.1.1
20 silly idealTree:prePrune +-- util-deprecate@1.0.2
20 silly idealTree:prePrune +-- v8flags@2.0.11
20 silly idealTree:prePrune +-- validate-npm-package-license@3.0.1
20 silly idealTree:prePrune +-- verror@1.3.6
20 silly idealTree:prePrune +-- vinyl-fs@0.3.14
20 silly idealTree:prePrune | +-- clone@0.2.0
20 silly idealTree:prePrune | +-- graceful-fs@3.0.8
20 silly idealTree:prePrune | +-- readable-stream@1.0.34
20 silly idealTree:prePrune | +-- strip-bom@1.0.0
20 silly idealTree:prePrune | +-- through2@0.6.5
20 silly idealTree:prePrune | `-- vinyl@0.4.6
20 silly idealTree:prePrune +-- vinyl-sourcemaps-apply@0.1.4
20 silly idealTree:prePrune | `-- source-map@0.1.43
20 silly idealTree:prePrune +-- vinyl@0.2.3
20 silly idealTree:prePrune +-- which@1.0.9
20 silly idealTree:prePrune +-- window-size@0.1.4
20 silly idealTree:prePrune +-- wrap-ansi@2.0.0
20 silly idealTree:prePrune +-- wrappy@1.0.2
20 silly idealTree:prePrune +-- xtend@4.0.1
20 silly idealTree:prePrune +-- y18n@3.2.1
20 silly idealTree:prePrune +-- yallist@2.0.0
20 silly idealTree:prePrune `-- yargs@3.32.0
21 silly loadIdealTree Finishing
22 silly currentTree auraart@1.0.0
22 silly currentTree +-- abbrev@1.0.7
22 silly currentTree +-- amdefine@1.0.0
22 silly currentTree +-- ansi-regex@2.0.0
22 silly currentTree +-- ansi-styles@2.2.1
22 silly currentTree +-- ansi@0.3.1
22 silly currentTree +-- archy@1.0.0
22 silly currentTree +-- are-we-there-yet@1.0.6
22 silly currentTree +-- array-differ@1.0.0
22 silly currentTree +-- array-find-index@1.0.1
22 silly currentTree +-- array-index@1.0.0
22 silly currentTree +-- array-uniq@1.0.2
22 silly currentTree +-- asn1@0.1.11
22 silly currentTree +-- assert-plus@0.1.5
22 silly currentTree +-- async-foreach@0.1.3
22 silly currentTree +-- async@0.9.2
22 silly currentTree +-- aws-sign2@0.5.0
22 silly currentTree +-- aws4@1.4.1
22 silly currentTree +-- balanced-match@0.4.1
22 silly currentTree +-- beeper@1.1.0
22 silly currentTree +-- bl@0.9.5
22 silly currentTree | `-- readable-stream@1.0.34
22 silly currentTree +-- block-stream@0.0.9
22 silly currentTree +-- boom@0.4.2
22 silly currentTree +-- bower@1.7.9
22 silly currentTree +-- brace-expansion@1.1.4
22 silly currentTree +-- bufferstreams@0.0.2
22 silly currentTree +-- builtin-modules@1.1.1
22 silly currentTree +-- camelcase-keys@2.1.0
22 silly currentTree +-- camelcase@2.1.1
22 silly currentTree +-- caseless@0.8.0
22 silly currentTree +-- chalk@1.1.3
22 silly currentTree +-- clean-css@3.0.10
22 silly currentTree | `-- source-map@0.1.43
22 silly currentTree +-- cliui@3.2.0
22 silly currentTree +-- clone-stats@0.0.1
22 silly currentTree +-- clone@1.0.2
22 silly currentTree +-- code-point-at@1.0.0
22 silly currentTree +-- combined-stream@0.0.7
22 silly currentTree +-- commander@2.5.1
22 silly currentTree +-- concat-map@0.0.1
22 silly currentTree +-- concat-with-sourcemaps@1.0.4
22 silly currentTree +-- config-chain@1.1.10
22 silly currentTree +-- core-util-is@1.0.2
22 silly currentTree +-- cross-spawn-async@2.2.4
22 silly currentTree | +-- lru-cache@4.0.1
22 silly currentTree | `-- which@1.2.9
22 silly currentTree +-- cross-spawn@0.2.9
22 silly currentTree +-- cryptiles@0.2.2
22 silly currentTree +-- ctype@0.5.3
22 silly currentTree +-- d@0.1.1
22 silly currentTree +-- dashdash@1.13.1
22 silly currentTree | `-- assert-plus@1.0.0
22 silly currentTree +-- dateformat@1.0.12
22 silly currentTree +-- debug@2.2.0
22 silly currentTree +-- decamelize@1.2.0
22 silly currentTree +-- defaults@1.0.3
22 silly currentTree +-- delayed-stream@0.0.5
22 silly currentTree +-- delegates@1.0.0
22 silly currentTree +-- deprecated@0.0.1
22 silly currentTree +-- diff@1.4.0
22 silly currentTree +-- duplexer2@0.0.2
22 silly currentTree +-- ecc-jsbn@0.1.1
22 silly currentTree +-- end-of-stream@0.1.5
22 silly currentTree +-- error-ex@1.3.0
22 silly currentTree +-- es5-ext@0.10.11
22 silly currentTree +-- es6-iterator@2.0.0
22 silly currentTree +-- es6-symbol@3.0.2
22 silly currentTree +-- escape-string-regexp@1.0.5
22 silly currentTree +-- extend@2.0.1
22 silly currentTree +-- extsprintf@1.0.2
22 silly currentTree +-- fancy-log@1.2.0
22 silly currentTree +-- find-index@0.1.1
22 silly currentTree +-- find-up@1.1.2
22 silly currentTree +-- findup-sync@0.3.0
22 silly currentTree +-- first-chunk-stream@1.0.0
22 silly currentTree +-- flagged-respawn@0.3.2
22 silly currentTree +-- forever-agent@0.5.2
22 silly currentTree +-- form-data@0.2.0
22 silly currentTree | `-- mime-types@2.0.14
22 silly currentTree +-- fstream@1.0.9
22 silly currentTree +-- gauge@1.0.2
22 silly currentTree +-- gaze@0.5.2
22 silly currentTree +-- generate-function@2.0.0
22 silly currentTree +-- generate-object-property@1.2.0
22 silly currentTree +-- get-stdin@4.0.1
22 silly currentTree +-- getpass@0.1.6
22 silly currentTree | `-- assert-plus@1.0.0
22 silly currentTree +-- glob-stream@3.1.18
22 silly currentTree | +-- glob@4.5.3
22 silly currentTree | +-- minimatch@2.0.10
22 silly currentTree | +-- readable-stream@1.0.34
22 silly currentTree | `-- through2@0.6.5
22 silly currentTree +-- glob-watcher@0.0.6
22 silly currentTree +-- glob@5.0.15
22 silly currentTree +-- glob2base@0.0.12
22 silly currentTree +-- globule@0.1.0
22 silly currentTree | +-- glob@3.1.21
22 silly currentTree | +-- graceful-fs@1.2.3
22 silly currentTree | +-- inherits@1.0.2
22 silly currentTree | `-- minimatch@0.2.14
22 silly currentTree +-- glogg@1.0.0
22 silly currentTree +-- graceful-fs@4.1.4
22 silly currentTree +-- graceful-readlink@1.0.1
22 silly currentTree +-- growl@1.9.2
22 silly currentTree +-- gulp-concat@2.6.0
22 silly currentTree | +-- gulp-util@3.0.7
22 silly currentTree | | +-- isarray@1.0.0
22 silly currentTree | | +-- readable-stream@2.0.6
22 silly currentTree | | `-- through2@2.0.1
22 silly currentTree | +-- lodash._reinterpolate@3.0.0
22 silly currentTree | +-- lodash.escape@3.2.0
22 silly currentTree | +-- lodash.keys@3.1.2
22 silly currentTree | +-- lodash.template@3.6.2
22 silly currentTree | +-- lodash.templatesettings@3.1.1
22 silly currentTree | +-- readable-stream@1.0.34
22 silly currentTree | +-- through2@0.6.5
22 silly currentTree | `-- vinyl@0.5.3
22 silly currentTree +-- gulp-minify-css@0.3.13
22 silly currentTree | +-- gulp-util@3.0.7
22 silly currentTree | | +-- isarray@1.0.0
22 silly currentTree | | +-- readable-stream@2.0.6
22 silly currentTree | | `-- through2@2.0.1
22 silly currentTree | +-- lodash._reinterpolate@3.0.0
22 silly currentTree | +-- lodash.escape@3.2.0
22 silly currentTree | +-- lodash.keys@3.1.2
22 silly currentTree | +-- lodash.template@3.6.2
22 silly currentTree | +-- lodash.templatesettings@3.1.1
22 silly currentTree | +-- readable-stream@1.0.34
22 silly currentTree | +-- through2@0.6.5
22 silly currentTree | `-- vinyl@0.5.3
22 silly currentTree +-- gulp-rename@1.2.2
22 silly currentTree +-- gulp-sass@1.3.3
22 silly currentTree | +-- clone@0.1.19
22 silly currentTree | +-- gulp-util@3.0.7
22 silly currentTree | +-- isarray@1.0.0
22 silly currentTree | +-- lodash._reinterpolate@3.0.0
22 silly currentTree | +-- lodash.escape@3.2.0
22 silly currentTree | +-- lodash.keys@3.1.2
22 silly currentTree | +-- lodash.template@3.6.2
22 silly currentTree | +-- lodash.templatesettings@3.1.1
22 silly currentTree | +-- readable-stream@2.0.6
22 silly currentTree | +-- through2@2.0.1
22 silly currentTree | `-- vinyl@0.5.3
22 silly currentTree |   `-- clone@1.0.2
22 silly currentTree +-- gulp-util@2.2.20
22 silly currentTree | +-- ansi-regex@0.2.1
22 silly currentTree | +-- ansi-styles@1.1.0
22 silly currentTree | +-- chalk@0.5.1
22 silly currentTree | +-- has-ansi@0.1.0
22 silly currentTree | +-- minimist@0.2.0
22 silly currentTree | +-- strip-ansi@0.3.0
22 silly currentTree | `-- supports-color@0.2.0
22 silly currentTree +-- gulp@3.9.1
22 silly currentTree | +-- gulp-util@3.0.7
22 silly currentTree | +-- isarray@1.0.0
22 silly currentTree | +-- lodash._reinterpolate@3.0.0
22 silly currentTree | +-- lodash.escape@3.2.0
22 silly currentTree | +-- lodash.keys@3.1.2
22 silly currentTree | +-- lodash.template@3.6.2
22 silly currentTree | +-- lodash.templatesettings@3.1.1
22 silly currentTree | +-- readable-stream@2.0.6
22 silly currentTree | +-- through2@2.0.1
22 silly currentTree | `-- vinyl@0.5.3
22 silly currentTree +-- gulplog@1.0.0
22 silly currentTree +-- har-validator@2.0.6
22 silly currentTree | `-- commander@2.9.0
22 silly currentTree +-- has-ansi@2.0.0
22 silly currentTree +-- has-gulplog@0.1.0
22 silly currentTree +-- has-unicode@1.0.1
22 silly currentTree +-- hawk@1.1.1
22 silly currentTree +-- hoek@0.9.1
22 silly currentTree +-- hosted-git-info@2.1.5
22 silly currentTree +-- http-signature@0.10.1
22 silly currentTree +-- in-publish@2.0.0
22 silly currentTree +-- indent-string@2.1.0
22 silly currentTree +-- inflight@1.0.5
22 silly currentTree +-- inherits@2.0.1
22 silly currentTree +-- ini@1.3.4
22 silly currentTree +-- interpret@1.0.1
22 silly currentTree +-- invert-kv@1.0.0
22 silly currentTree +-- is-arrayish@0.2.1
22 silly currentTree +-- is-builtin-module@1.0.0
22 silly currentTree +-- is-finite@1.0.1
22 silly currentTree +-- is-fullwidth-code-point@1.0.0
22 silly currentTree +-- is-my-json-valid@2.13.1
22 silly currentTree +-- is-property@1.0.2
22 silly currentTree +-- is-typedarray@1.0.0
22 silly currentTree +-- is-utf8@0.2.1
22 silly currentTree +-- isarray@0.0.1
22 silly currentTree +-- isexe@1.1.2
22 silly currentTree +-- isstream@0.1.2
22 silly currentTree +-- jade@0.26.3
22 silly currentTree | +-- commander@0.6.1
22 silly currentTree | `-- mkdirp@0.3.0
22 silly currentTree +-- jodid25519@1.0.2
22 silly currentTree +-- jsbn@0.1.0
22 silly currentTree +-- json-schema@0.2.2
22 silly currentTree +-- json-stringify-safe@5.0.1
22 silly currentTree +-- jsonpointer@2.0.0
22 silly currentTree +-- jsprim@1.2.2
22 silly currentTree +-- lcid@1.0.0
22 silly currentTree +-- liftoff@2.2.1
22 silly currentTree +-- load-json-file@1.1.0
22 silly currentTree +-- lodash._basecopy@3.0.1
22 silly currentTree +-- lodash._basetostring@3.0.1
22 silly currentTree +-- lodash._basevalues@3.0.0
22 silly currentTree +-- lodash._escapehtmlchar@2.4.1
22 silly currentTree +-- lodash._escapestringchar@2.4.1
22 silly currentTree +-- lodash._getnative@3.9.1
22 silly currentTree +-- lodash._htmlescapes@2.4.1
22 silly currentTree +-- lodash._isiterateecall@3.0.9
22 silly currentTree +-- lodash._isnative@2.4.1
22 silly currentTree +-- lodash._objecttypes@2.4.1
22 silly currentTree +-- lodash._reescape@3.0.0
22 silly currentTree +-- lodash._reevaluate@3.0.0
22 silly currentTree +-- lodash._reinterpolate@2.4.1
22 silly currentTree +-- lodash._reunescapedhtml@2.4.1
22 silly currentTree +-- lodash._root@3.0.1
22 silly currentTree +-- lodash._shimkeys@2.4.1
22 silly currentTree +-- lodash.defaults@2.4.1
22 silly currentTree +-- lodash.escape@2.4.1
22 silly currentTree +-- lodash.isarguments@3.0.8
22 silly currentTree +-- lodash.isarray@3.0.4
22 silly currentTree +-- lodash.isobject@2.4.1
22 silly currentTree +-- lodash.keys@2.4.1
22 silly currentTree +-- lodash.restparam@3.6.1
22 silly currentTree +-- lodash.template@2.4.1
22 silly currentTree +-- lodash.templatesettings@2.4.1
22 silly currentTree +-- lodash.values@2.4.1
22 silly currentTree +-- lodash@1.0.2
22 silly currentTree +-- loud-rejection@1.3.0
22 silly currentTree +-- lru-cache@2.7.3
22 silly currentTree +-- map-obj@1.0.1
22 silly currentTree +-- map-stream@0.1.0
22 silly currentTree +-- memory-cache@0.0.5
22 silly currentTree +-- meow@3.7.0
22 silly currentTree | `-- object-assign@4.1.0
22 silly currentTree +-- mime-db@1.12.0
22 silly currentTree +-- mime-types@1.0.2
22 silly currentTree +-- minimatch@3.0.0
22 silly currentTree +-- minimist@1.2.0
22 silly currentTree +-- mkdirp@0.5.1
22 silly currentTree | `-- minimist@0.0.8
22 silly currentTree +-- mocha@2.5.3
22 silly currentTree | +-- commander@2.3.0
22 silly currentTree | +-- escape-string-regexp@1.0.2
22 silly currentTree | +-- glob@3.2.11
22 silly currentTree | +-- minimatch@0.3.0
22 silly currentTree | `-- supports-color@1.2.0
22 silly currentTree +-- ms@0.7.1
22 silly currentTree +-- multipipe@0.1.2
22 silly currentTree +-- nan@1.9.0
22 silly currentTree +-- node-gyp@3.3.1
22 silly currentTree | +-- glob@4.5.3
22 silly currentTree | | `-- minimatch@2.0.10
22 silly currentTree | +-- minimatch@1.0.0
22 silly currentTree | `-- tar@2.2.1
22 silly currentTree +-- node-sass-middleware@0.9.8
22 silly currentTree | +-- gaze@1.0.0
22 silly currentTree | +-- glob@7.0.3
22 silly currentTree | | `-- minimatch@3.0.0
22 silly currentTree | +-- globule@0.2.0
22 silly currentTree | | `-- glob@3.2.11
22 silly currentTree | |   `-- minimatch@0.3.0
22 silly currentTree | +-- lodash@2.4.2
22 silly currentTree | +-- minimatch@0.2.14
22 silly currentTree | +-- nan@2.3.4
22 silly currentTree | +-- node-sass@3.7.0
22 silly currentTree | `-- sass-graph@2.1.1
22 silly currentTree |   +-- glob@6.0.4
22 silly currentTree |   +-- lodash@4.13.1
22 silly currentTree |   `-- minimatch@3.0.0
22 silly currentTree +-- node-sass@2.1.1
22 silly currentTree | +-- ansi-regex@0.2.1
22 silly currentTree | +-- ansi-styles@1.1.0
22 silly currentTree | +-- chalk@0.5.1
22 silly currentTree | +-- has-ansi@0.1.0
22 silly currentTree | +-- object-assign@2.1.1
22 silly currentTree | +-- strip-ansi@0.3.0
22 silly currentTree | `-- supports-color@0.2.0
22 silly currentTree +-- node-uuid@1.4.7
22 silly currentTree +-- nopt@3.0.6
22 silly currentTree +-- normalize-package-data@2.3.5
22 silly currentTree +-- npmconf@2.1.2
22 silly currentTree +-- npmlog@1.0.0
22 silly currentTree +-- number-is-nan@1.0.0
22 silly currentTree +-- oauth-sign@0.5.0
22 silly currentTree +-- object-assign@3.0.0
22 silly currentTree +-- once@1.3.3
22 silly currentTree +-- orchestrator@0.3.7
22 silly currentTree +-- ordered-read-streams@0.1.0
22 silly currentTree +-- os-homedir@1.0.1
22 silly currentTree +-- os-locale@1.4.0
22 silly currentTree +-- os-tmpdir@1.0.1
22 silly currentTree +-- osenv@0.1.3
22 silly currentTree +-- pangyp@2.3.3
22 silly currentTree | +-- glob@4.3.5
22 silly currentTree | +-- graceful-fs@3.0.8
22 silly currentTree | +-- minimatch@2.0.10
22 silly currentTree | `-- request@2.51.0
22 silly currentTree +-- parse-json@2.2.0
22 silly currentTree +-- path-array@1.0.1
22 silly currentTree +-- path-exists@2.1.0
22 silly currentTree +-- path-is-absolute@1.0.0
22 silly currentTree +-- path-type@1.1.0
22 silly currentTree +-- pify@2.3.0
22 silly currentTree +-- pinkie-promise@2.0.1
22 silly currentTree +-- pinkie@2.0.4
22 silly currentTree +-- pretty-hrtime@1.0.2
22 silly currentTree +-- process-nextick-args@1.0.7
22 silly currentTree +-- proto-list@1.2.4
22 silly currentTree +-- pseudomap@1.0.2
22 silly currentTree +-- qs@2.3.3
22 silly currentTree +-- read-pkg-up@1.0.1
22 silly currentTree +-- read-pkg@1.1.0
22 silly currentTree +-- readable-stream@1.1.14
22 silly currentTree +-- rechoir@0.6.2
22 silly currentTree +-- redent@1.0.0
22 silly currentTree +-- repeating@2.0.1
22 silly currentTree +-- replace-ext@0.0.1
22 silly currentTree +-- request@2.72.0
22 silly currentTree | +-- assert-plus@0.2.0
22 silly currentTree | +-- async@1.5.2
22 silly currentTree | +-- aws-sign2@0.6.0
22 silly currentTree | +-- bl@1.1.2
22 silly currentTree | +-- boom@2.10.1
22 silly currentTree | +-- caseless@0.11.0
22 silly currentTree | +-- combined-stream@1.0.5
22 silly currentTree | +-- cryptiles@2.0.5
22 silly currentTree | +-- delayed-stream@1.0.0
22 silly currentTree | +-- extend@3.0.0
22 silly currentTree | +-- forever-agent@0.6.1
22 silly currentTree | +-- form-data@1.0.0-rc4
22 silly currentTree | +-- hawk@3.1.3
22 silly currentTree | +-- hoek@2.16.3
22 silly currentTree | +-- http-signature@1.1.1
22 silly currentTree | +-- isarray@1.0.0
22 silly currentTree | +-- mime-db@1.23.0
22 silly currentTree | +-- mime-types@2.1.11
22 silly currentTree | +-- oauth-sign@0.8.2
22 silly currentTree | +-- qs@6.1.0
22 silly currentTree | +-- readable-stream@2.0.6
22 silly currentTree | `-- sntp@1.0.9
22 silly currentTree +-- resolve@1.1.7
22 silly currentTree +-- rimraf@2.2.8
22 silly currentTree +-- sass-graph@1.3.0
22 silly currentTree | +-- commander@2.9.0
22 silly currentTree | +-- glob@4.5.3
22 silly currentTree | +-- lodash@2.4.2
22 silly currentTree | `-- minimatch@2.0.10
22 silly currentTree +-- semver@4.3.6
22 silly currentTree +-- sequencify@0.0.7
22 silly currentTree +-- shelljs@0.3.0
22 silly currentTree +-- sigmund@1.0.1
22 silly currentTree +-- signal-exit@2.1.2
22 silly currentTree +-- sntp@0.2.4
22 silly currentTree +-- source-map@0.5.6
22 silly currentTree +-- sparkles@1.0.0
22 silly currentTree +-- spdx-correct@1.0.2
22 silly currentTree +-- spdx-exceptions@1.0.4
22 silly currentTree +-- spdx-expression-parse@1.0.2
22 silly currentTree +-- spdx-license-ids@1.2.1
22 silly currentTree +-- sshpk@1.8.3
22 silly currentTree | +-- asn1@0.2.3
22 silly currentTree | `-- assert-plus@1.0.0
22 silly currentTree +-- stream-consume@0.1.0
22 silly currentTree +-- string_decoder@0.10.31
22 silly currentTree +-- string-width@1.0.1
22 silly currentTree +-- stringstream@0.0.5
22 silly currentTree +-- strip-ansi@3.0.1
22 silly currentTree +-- strip-bom@2.0.0
22 silly currentTree +-- strip-indent@1.0.1
22 silly currentTree +-- supports-color@2.0.0
22 silly currentTree +-- tar@1.0.3
22 silly currentTree +-- through2@0.5.1
22 silly currentTree | +-- readable-stream@1.0.34
22 silly currentTree | `-- xtend@3.0.0
22 silly currentTree +-- tildify@1.2.0
22 silly currentTree +-- time-stamp@1.0.1
22 silly currentTree +-- to-iso-string@0.0.2
22 silly currentTree +-- tough-cookie@2.2.2
22 silly currentTree +-- trim-newlines@1.0.0
22 silly currentTree +-- tunnel-agent@0.4.3
22 silly currentTree +-- tweetnacl@0.13.3
22 silly currentTree +-- uid-number@0.0.5
22 silly currentTree +-- unique-stream@1.0.0
22 silly currentTree +-- user-home@1.1.1
22 silly currentTree +-- util-deprecate@1.0.2
22 silly currentTree +-- v8flags@2.0.11
22 silly currentTree +-- validate-npm-package-license@3.0.1
22 silly currentTree +-- verror@1.3.6
22 silly currentTree +-- vinyl-fs@0.3.14
22 silly currentTree | +-- clone@0.2.0
22 silly currentTree | +-- graceful-fs@3.0.8
22 silly currentTree | +-- readable-stream@1.0.34
22 silly currentTree | +-- strip-bom@1.0.0
22 silly currentTree | +-- through2@0.6.5
22 silly currentTree | `-- vinyl@0.4.6
22 silly currentTree +-- vinyl-sourcemaps-apply@0.1.4
22 silly currentTree | `-- source-map@0.1.43
22 silly currentTree +-- vinyl@0.2.3
22 silly currentTree +-- which@1.0.9
22 silly currentTree +-- window-size@0.1.4
22 silly currentTree +-- wrap-ansi@2.0.0
22 silly currentTree +-- wrappy@1.0.2
22 silly currentTree +-- xtend@4.0.1
22 silly currentTree +-- y18n@3.2.1
22 silly currentTree +-- yallist@2.0.0
22 silly currentTree `-- yargs@3.32.0
23 silly idealTree auraart@1.0.0
23 silly idealTree +-- abbrev@1.0.7
23 silly idealTree +-- amdefine@1.0.0
23 silly idealTree +-- ansi-regex@2.0.0
23 silly idealTree +-- ansi-styles@2.2.1
23 silly idealTree +-- ansi@0.3.1
23 silly idealTree +-- archy@1.0.0
23 silly idealTree +-- are-we-there-yet@1.0.6
23 silly idealTree +-- array-differ@1.0.0
23 silly idealTree +-- array-find-index@1.0.1
23 silly idealTree +-- array-index@1.0.0
23 silly idealTree +-- array-uniq@1.0.2
23 silly idealTree +-- asn1@0.1.11
23 silly idealTree +-- assert-plus@0.1.5
23 silly idealTree +-- async-foreach@0.1.3
23 silly idealTree +-- async@0.9.2
23 silly idealTree +-- aws-sign2@0.5.0
23 silly idealTree +-- aws4@1.4.1
23 silly idealTree +-- balanced-match@0.4.1
23 silly idealTree +-- beeper@1.1.0
23 silly idealTree +-- bl@0.9.5
23 silly idealTree | `-- readable-stream@1.0.34
23 silly idealTree +-- block-stream@0.0.9
23 silly idealTree +-- boom@0.4.2
23 silly idealTree +-- bower@1.7.9
23 silly idealTree +-- brace-expansion@1.1.4
23 silly idealTree +-- bufferstreams@0.0.2
23 silly idealTree +-- builtin-modules@1.1.1
23 silly idealTree +-- camelcase-keys@2.1.0
23 silly idealTree +-- camelcase@2.1.1
23 silly idealTree +-- caseless@0.8.0
23 silly idealTree +-- chalk@1.1.3
23 silly idealTree +-- clean-css@3.0.10
23 silly idealTree | `-- source-map@0.1.43
23 silly idealTree +-- cliui@3.2.0
23 silly idealTree +-- clone-stats@0.0.1
23 silly idealTree +-- clone@1.0.2
23 silly idealTree +-- code-point-at@1.0.0
23 silly idealTree +-- combined-stream@0.0.7
23 silly idealTree +-- commander@2.5.1
23 silly idealTree +-- concat-map@0.0.1
23 silly idealTree +-- concat-with-sourcemaps@1.0.4
23 silly idealTree +-- config-chain@1.1.10
23 silly idealTree +-- core-util-is@1.0.2
23 silly idealTree +-- cross-spawn-async@2.2.4
23 silly idealTree | +-- lru-cache@4.0.1
23 silly idealTree | `-- which@1.2.9
23 silly idealTree +-- cross-spawn@0.2.9
23 silly idealTree +-- cryptiles@0.2.2
23 silly idealTree +-- ctype@0.5.3
23 silly idealTree +-- d@0.1.1
23 silly idealTree +-- dashdash@1.13.1
23 silly idealTree | `-- assert-plus@1.0.0
23 silly idealTree +-- dateformat@1.0.12
23 silly idealTree +-- debug@2.2.0
23 silly idealTree +-- decamelize@1.2.0
23 silly idealTree +-- defaults@1.0.3
23 silly idealTree +-- delayed-stream@0.0.5
23 silly idealTree +-- delegates@1.0.0
23 silly idealTree +-- deprecated@0.0.1
23 silly idealTree +-- diff@1.4.0
23 silly idealTree +-- duplexer2@0.0.2
23 silly idealTree +-- ecc-jsbn@0.1.1
23 silly idealTree +-- end-of-stream@0.1.5
23 silly idealTree +-- error-ex@1.3.0
23 silly idealTree +-- es5-ext@0.10.11
23 silly idealTree +-- es6-iterator@2.0.0
23 silly idealTree +-- es6-symbol@3.0.2
23 silly idealTree +-- escape-string-regexp@1.0.5
23 silly idealTree +-- extend@2.0.1
23 silly idealTree +-- extsprintf@1.0.2
23 silly idealTree +-- fancy-log@1.2.0
23 silly idealTree +-- find-index@0.1.1
23 silly idealTree +-- find-up@1.1.2
23 silly idealTree +-- findup-sync@0.3.0
23 silly idealTree +-- first-chunk-stream@1.0.0
23 silly idealTree +-- flagged-respawn@0.3.2
23 silly idealTree +-- forever-agent@0.5.2
23 silly idealTree +-- form-data@0.2.0
23 silly idealTree | `-- mime-types@2.0.14
23 silly idealTree +-- fstream@1.0.9
23 silly idealTree +-- gauge@1.0.2
23 silly idealTree +-- gaze@0.5.2
23 silly idealTree +-- generate-function@2.0.0
23 silly idealTree +-- generate-object-property@1.2.0
23 silly idealTree +-- get-stdin@4.0.1
23 silly idealTree +-- getpass@0.1.6
23 silly idealTree | `-- assert-plus@1.0.0
23 silly idealTree +-- glob-stream@3.1.18
23 silly idealTree | +-- glob@4.5.3
23 silly idealTree | +-- minimatch@2.0.10
23 silly idealTree | +-- readable-stream@1.0.34
23 silly idealTree | `-- through2@0.6.5
23 silly idealTree +-- glob-watcher@0.0.6
23 silly idealTree +-- glob@5.0.15
23 silly idealTree +-- glob2base@0.0.12
23 silly idealTree +-- globule@0.1.0
23 silly idealTree | +-- glob@3.1.21
23 silly idealTree | +-- graceful-fs@1.2.3
23 silly idealTree | +-- inherits@1.0.2
23 silly idealTree | `-- minimatch@0.2.14
23 silly idealTree +-- glogg@1.0.0
23 silly idealTree +-- graceful-fs@4.1.4
23 silly idealTree +-- graceful-readlink@1.0.1
23 silly idealTree +-- growl@1.9.2
23 silly idealTree +-- gulp-concat@2.6.0
23 silly idealTree | +-- gulp-util@3.0.7
23 silly idealTree | | +-- isarray@1.0.0
23 silly idealTree | | +-- readable-stream@2.0.6
23 silly idealTree | | `-- through2@2.0.1
23 silly idealTree | +-- lodash._reinterpolate@3.0.0
23 silly idealTree | +-- lodash.escape@3.2.0
23 silly idealTree | +-- lodash.keys@3.1.2
23 silly idealTree | +-- lodash.template@3.6.2
23 silly idealTree | +-- lodash.templatesettings@3.1.1
23 silly idealTree | +-- readable-stream@1.0.34
23 silly idealTree | +-- through2@0.6.5
23 silly idealTree | `-- vinyl@0.5.3
23 silly idealTree +-- gulp-minify-css@0.3.13
23 silly idealTree | +-- gulp-util@3.0.7
23 silly idealTree | | +-- isarray@1.0.0
23 silly idealTree | | +-- readable-stream@2.0.6
23 silly idealTree | | `-- through2@2.0.1
23 silly idealTree | +-- lodash._reinterpolate@3.0.0
23 silly idealTree | +-- lodash.escape@3.2.0
23 silly idealTree | +-- lodash.keys@3.1.2
23 silly idealTree | +-- lodash.template@3.6.2
23 silly idealTree | +-- lodash.templatesettings@3.1.1
23 silly idealTree | +-- readable-stream@1.0.34
23 silly idealTree | +-- through2@0.6.5
23 silly idealTree | `-- vinyl@0.5.3
23 silly idealTree +-- gulp-rename@1.2.2
23 silly idealTree +-- gulp-sass@1.3.3
23 silly idealTree | +-- clone@0.1.19
23 silly idealTree | +-- gulp-util@3.0.7
23 silly idealTree | +-- isarray@1.0.0
23 silly idealTree | +-- lodash._reinterpolate@3.0.0
23 silly idealTree | +-- lodash.escape@3.2.0
23 silly idealTree | +-- lodash.keys@3.1.2
23 silly idealTree | +-- lodash.template@3.6.2
23 silly idealTree | +-- lodash.templatesettings@3.1.1
23 silly idealTree | +-- readable-stream@2.0.6
23 silly idealTree | +-- through2@2.0.1
23 silly idealTree | `-- vinyl@0.5.3
23 silly idealTree |   `-- clone@1.0.2
23 silly idealTree +-- gulp-util@2.2.20
23 silly idealTree | +-- ansi-regex@0.2.1
23 silly idealTree | +-- ansi-styles@1.1.0
23 silly idealTree | +-- chalk@0.5.1
23 silly idealTree | +-- has-ansi@0.1.0
23 silly idealTree | +-- minimist@0.2.0
23 silly idealTree | +-- strip-ansi@0.3.0
23 silly idealTree | `-- supports-color@0.2.0
23 silly idealTree +-- gulp@3.9.1
23 silly idealTree | +-- gulp-util@3.0.7
23 silly idealTree | +-- isarray@1.0.0
23 silly idealTree | +-- lodash._reinterpolate@3.0.0
23 silly idealTree | +-- lodash.escape@3.2.0
23 silly idealTree | +-- lodash.keys@3.1.2
23 silly idealTree | +-- lodash.template@3.6.2
23 silly idealTree | +-- lodash.templatesettings@3.1.1
23 silly idealTree | +-- readable-stream@2.0.6
23 silly idealTree | +-- through2@2.0.1
23 silly idealTree | `-- vinyl@0.5.3
23 silly idealTree +-- gulplog@1.0.0
23 silly idealTree +-- har-validator@2.0.6
23 silly idealTree | `-- commander@2.9.0
23 silly idealTree +-- has-ansi@2.0.0
23 silly idealTree +-- has-gulplog@0.1.0
23 silly idealTree +-- has-unicode@1.0.1
23 silly idealTree +-- hawk@1.1.1
23 silly idealTree +-- hoek@0.9.1
23 silly idealTree +-- hosted-git-info@2.1.5
23 silly idealTree +-- http-signature@0.10.1
23 silly idealTree +-- in-publish@2.0.0
23 silly idealTree +-- indent-string@2.1.0
23 silly idealTree +-- inflight@1.0.5
23 silly idealTree +-- inherits@2.0.1
23 silly idealTree +-- ini@1.3.4
23 silly idealTree +-- interpret@1.0.1
23 silly idealTree +-- invert-kv@1.0.0
23 silly idealTree +-- is-arrayish@0.2.1
23 silly idealTree +-- is-builtin-module@1.0.0
23 silly idealTree +-- is-finite@1.0.1
23 silly idealTree +-- is-fullwidth-code-point@1.0.0
23 silly idealTree +-- is-my-json-valid@2.13.1
23 silly idealTree +-- is-property@1.0.2
23 silly idealTree +-- is-typedarray@1.0.0
23 silly idealTree +-- is-utf8@0.2.1
23 silly idealTree +-- isarray@0.0.1
23 silly idealTree +-- isexe@1.1.2
23 silly idealTree +-- isstream@0.1.2
23 silly idealTree +-- jade@0.26.3
23 silly idealTree | +-- commander@0.6.1
23 silly idealTree | `-- mkdirp@0.3.0
23 silly idealTree +-- jodid25519@1.0.2
23 silly idealTree +-- jsbn@0.1.0
23 silly idealTree +-- json-schema@0.2.2
23 silly idealTree +-- json-stringify-safe@5.0.1
23 silly idealTree +-- jsonpointer@2.0.0
23 silly idealTree +-- jsprim@1.2.2
23 silly idealTree +-- lcid@1.0.0
23 silly idealTree +-- liftoff@2.2.1
23 silly idealTree +-- load-json-file@1.1.0
23 silly idealTree +-- lodash._basecopy@3.0.1
23 silly idealTree +-- lodash._basetostring@3.0.1
23 silly idealTree +-- lodash._basevalues@3.0.0
23 silly idealTree +-- lodash._escapehtmlchar@2.4.1
23 silly idealTree +-- lodash._escapestringchar@2.4.1
23 silly idealTree +-- lodash._getnative@3.9.1
23 silly idealTree +-- lodash._htmlescapes@2.4.1
23 silly idealTree +-- lodash._isiterateecall@3.0.9
23 silly idealTree +-- lodash._isnative@2.4.1
23 silly idealTree +-- lodash._objecttypes@2.4.1
23 silly idealTree +-- lodash._reescape@3.0.0
23 silly idealTree +-- lodash._reevaluate@3.0.0
23 silly idealTree +-- lodash._reinterpolate@2.4.1
23 silly idealTree +-- lodash._reunescapedhtml@2.4.1
23 silly idealTree +-- lodash._root@3.0.1
23 silly idealTree +-- lodash._shimkeys@2.4.1
23 silly idealTree +-- lodash.defaults@2.4.1
23 silly idealTree +-- lodash.escape@2.4.1
23 silly idealTree +-- lodash.isarguments@3.0.8
23 silly idealTree +-- lodash.isarray@3.0.4
23 silly idealTree +-- lodash.isobject@2.4.1
23 silly idealTree +-- lodash.keys@2.4.1
23 silly idealTree +-- lodash.restparam@3.6.1
23 silly idealTree +-- lodash.template@2.4.1
23 silly idealTree +-- lodash.templatesettings@2.4.1
23 silly idealTree +-- lodash.values@2.4.1
23 silly idealTree +-- lodash@1.0.2
23 silly idealTree +-- loud-rejection@1.3.0
23 silly idealTree +-- lru-cache@2.7.3
23 silly idealTree +-- map-obj@1.0.1
23 silly idealTree +-- map-stream@0.1.0
23 silly idealTree +-- memory-cache@0.0.5
23 silly idealTree +-- meow@3.7.0
23 silly idealTree | `-- object-assign@4.1.0
23 silly idealTree +-- mime-db@1.12.0
23 silly idealTree +-- mime-types@1.0.2
23 silly idealTree +-- minimatch@3.0.0
23 silly idealTree +-- minimist@1.2.0
23 silly idealTree +-- mkdirp@0.5.1
23 silly idealTree | `-- minimist@0.0.8
23 silly idealTree +-- mocha@2.5.3
23 silly idealTree | +-- commander@2.3.0
23 silly idealTree | +-- escape-string-regexp@1.0.2
23 silly idealTree | +-- glob@3.2.11
23 silly idealTree | +-- minimatch@0.3.0
23 silly idealTree | `-- supports-color@1.2.0
23 silly idealTree +-- ms@0.7.1
23 silly idealTree +-- multipipe@0.1.2
23 silly idealTree +-- nan@1.9.0
23 silly idealTree +-- node-gyp@3.3.1
23 silly idealTree | +-- glob@4.5.3
23 silly idealTree | | `-- minimatch@2.0.10
23 silly idealTree | +-- minimatch@1.0.0
23 silly idealTree | `-- tar@2.2.1
23 silly idealTree +-- node-sass-middleware@0.9.8
23 silly idealTree | +-- gaze@1.0.0
23 silly idealTree | +-- glob@7.0.3
23 silly idealTree | | `-- minimatch@3.0.0
23 silly idealTree | +-- globule@0.2.0
23 silly idealTree | | `-- glob@3.2.11
23 silly idealTree | |   `-- minimatch@0.3.0
23 silly idealTree | +-- lodash@2.4.2
23 silly idealTree | +-- minimatch@0.2.14
23 silly idealTree | +-- nan@2.3.4
23 silly idealTree | +-- node-sass@3.7.0
23 silly idealTree | `-- sass-graph@2.1.1
23 silly idealTree |   +-- glob@6.0.4
23 silly idealTree |   +-- lodash@4.13.1
23 silly idealTree |   `-- minimatch@3.0.0
23 silly idealTree +-- node-sass@2.1.1
23 silly idealTree | +-- ansi-regex@0.2.1
23 silly idealTree | +-- ansi-styles@1.1.0
23 silly idealTree | +-- chalk@0.5.1
23 silly idealTree | +-- has-ansi@0.1.0
23 silly idealTree | +-- object-assign@2.1.1
23 silly idealTree | +-- strip-ansi@0.3.0
23 silly idealTree | `-- supports-color@0.2.0
23 silly idealTree +-- node-uuid@1.4.7
23 silly idealTree +-- nopt@3.0.6
23 silly idealTree +-- normalize-package-data@2.3.5
23 silly idealTree +-- npmconf@2.1.2
23 silly idealTree +-- npmlog@1.0.0
23 silly idealTree +-- number-is-nan@1.0.0
23 silly idealTree +-- oauth-sign@0.5.0
23 silly idealTree +-- object-assign@3.0.0
23 silly idealTree +-- once@1.3.3
23 silly idealTree +-- orchestrator@0.3.7
23 silly idealTree +-- ordered-read-streams@0.1.0
23 silly idealTree +-- os-homedir@1.0.1
23 silly idealTree +-- os-locale@1.4.0
23 silly idealTree +-- os-tmpdir@1.0.1
23 silly idealTree +-- osenv@0.1.3
23 silly idealTree +-- pangyp@2.3.3
23 silly idealTree | +-- glob@4.3.5
23 silly idealTree | +-- graceful-fs@3.0.8
23 silly idealTree | +-- minimatch@2.0.10
23 silly idealTree | `-- request@2.51.0
23 silly idealTree +-- parse-json@2.2.0
23 silly idealTree +-- path-array@1.0.1
23 silly idealTree +-- path-exists@2.1.0
23 silly idealTree +-- path-is-absolute@1.0.0
23 silly idealTree +-- path-type@1.1.0
23 silly idealTree +-- pify@2.3.0
23 silly idealTree +-- pinkie-promise@2.0.1
23 silly idealTree +-- pinkie@2.0.4
23 silly idealTree +-- pretty-hrtime@1.0.2
23 silly idealTree +-- process-nextick-args@1.0.7
23 silly idealTree +-- proto-list@1.2.4
23 silly idealTree +-- pseudomap@1.0.2
23 silly idealTree +-- qs@2.3.3
23 silly idealTree +-- read-pkg-up@1.0.1
23 silly idealTree +-- read-pkg@1.1.0
23 silly idealTree +-- readable-stream@1.1.14
23 silly idealTree +-- rechoir@0.6.2
23 silly idealTree +-- redent@1.0.0
23 silly idealTree +-- repeating@2.0.1
23 silly idealTree +-- replace-ext@0.0.1
23 silly idealTree +-- request@2.72.0
23 silly idealTree | +-- assert-plus@0.2.0
23 silly idealTree | +-- async@1.5.2
23 silly idealTree | +-- aws-sign2@0.6.0
23 silly idealTree | +-- bl@1.1.2
23 silly idealTree | +-- boom@2.10.1
23 silly idealTree | +-- caseless@0.11.0
23 silly idealTree | +-- combined-stream@1.0.5
23 silly idealTree | +-- cryptiles@2.0.5
23 silly idealTree | +-- delayed-stream@1.0.0
23 silly idealTree | +-- extend@3.0.0
23 silly idealTree | +-- forever-agent@0.6.1
23 silly idealTree | +-- form-data@1.0.0-rc4
23 silly idealTree | +-- hawk@3.1.3
23 silly idealTree | +-- hoek@2.16.3
23 silly idealTree | +-- http-signature@1.1.1
23 silly idealTree | +-- isarray@1.0.0
23 silly idealTree | +-- mime-db@1.23.0
23 silly idealTree | +-- mime-types@2.1.11
23 silly idealTree | +-- oauth-sign@0.8.2
23 silly idealTree | +-- qs@6.1.0
23 silly idealTree | +-- readable-stream@2.0.6
23 silly idealTree | `-- sntp@1.0.9
23 silly idealTree +-- resolve@1.1.7
23 silly idealTree +-- rimraf@2.2.8
23 silly idealTree +-- sass-graph@1.3.0
23 silly idealTree | +-- commander@2.9.0
23 silly idealTree | +-- glob@4.5.3
23 silly idealTree | +-- lodash@2.4.2
23 silly idealTree | `-- minimatch@2.0.10
23 silly idealTree +-- semver@4.3.6
23 silly idealTree +-- sequencify@0.0.7
23 silly idealTree +-- shelljs@0.3.0
23 silly idealTree +-- sigmund@1.0.1
23 silly idealTree +-- signal-exit@2.1.2
23 silly idealTree +-- sntp@0.2.4
23 silly idealTree +-- source-map@0.5.6
23 silly idealTree +-- sparkles@1.0.0
23 silly idealTree +-- spdx-correct@1.0.2
23 silly idealTree +-- spdx-exceptions@1.0.4
23 silly idealTree +-- spdx-expression-parse@1.0.2
23 silly idealTree +-- spdx-license-ids@1.2.1
23 silly idealTree +-- sshpk@1.8.3
23 silly idealTree | +-- asn1@0.2.3
23 silly idealTree | `-- assert-plus@1.0.0
23 silly idealTree +-- stream-consume@0.1.0
23 silly idealTree +-- string_decoder@0.10.31
23 silly idealTree +-- string-width@1.0.1
23 silly idealTree +-- stringstream@0.0.5
23 silly idealTree +-- strip-ansi@3.0.1
23 silly idealTree +-- strip-bom@2.0.0
23 silly idealTree +-- strip-indent@1.0.1
23 silly idealTree +-- supports-color@2.0.0
23 silly idealTree +-- tar@1.0.3
23 silly idealTree +-- through2@0.5.1
23 silly idealTree | +-- readable-stream@1.0.34
23 silly idealTree | `-- xtend@3.0.0
23 silly idealTree +-- tildify@1.2.0
23 silly idealTree +-- time-stamp@1.0.1
23 silly idealTree +-- to-iso-string@0.0.2
23 silly idealTree +-- tough-cookie@2.2.2
23 silly idealTree +-- trim-newlines@1.0.0
23 silly idealTree +-- tunnel-agent@0.4.3
23 silly idealTree +-- tweetnacl@0.13.3
23 silly idealTree +-- uid-number@0.0.5
23 silly idealTree +-- unique-stream@1.0.0
23 silly idealTree +-- user-home@1.1.1
23 silly idealTree +-- util-deprecate@1.0.2
23 silly idealTree +-- v8flags@2.0.11
23 silly idealTree +-- validate-npm-package-license@3.0.1
23 silly idealTree +-- verror@1.3.6
23 silly idealTree +-- vinyl-fs@0.3.14
23 silly idealTree | +-- clone@0.2.0
23 silly idealTree | +-- graceful-fs@3.0.8
23 silly idealTree | +-- readable-stream@1.0.34
23 silly idealTree | +-- strip-bom@1.0.0
23 silly idealTree | +-- through2@0.6.5
23 silly idealTree | `-- vinyl@0.4.6
23 silly idealTree +-- vinyl-sourcemaps-apply@0.1.4
23 silly idealTree | `-- source-map@0.1.43
23 silly idealTree +-- vinyl@0.2.3
23 silly idealTree +-- which@1.0.9
23 silly idealTree +-- window-size@0.1.4
23 silly idealTree +-- wrap-ansi@2.0.0
23 silly idealTree +-- wrappy@1.0.2
23 silly idealTree +-- xtend@4.0.1
23 silly idealTree +-- y18n@3.2.1
23 silly idealTree +-- yallist@2.0.0
23 silly idealTree `-- yargs@3.32.0
24 silly generateActionsToTake Starting
25 silly install generateActionsToTake
26 warn checkPermissions Missing write access to /home/dhaval/Documents/htdocs/manjhi-touch/node_modules
27 silly rollbackFailedOptional Starting
28 silly rollbackFailedOptional Finishing
29 silly runTopLevelLifecycles Starting
30 silly runTopLevelLifecycles Finishing
31 silly install printInstalled
32 warn auraart@1.0.0 No repository field.
33 warn auraart@1.0.0 No license field.
34 verbose stack Error: EACCES: permission denied, access '/home/dhaval/Documents/htdocs/manjhi-touch/node_modules'
34 verbose stack     at Error (native)
35 verbose cwd /home/dhaval/Documents/htdocs/manjhi-touch
36 error Linux 4.2.0-35-generic
37 error argv "/usr/bin/nodejs" "/usr/bin/npm" "install"
38 error node v5.11.0
39 error npm  v3.8.6
40 error path /home/dhaval/Documents/htdocs/manjhi-touch/node_modules
41 error code EACCES
42 error errno -13
43 error syscall access
44 error Error: EACCES: permission denied, access '/home/dhaval/Documents/htdocs/manjhi-touch/node_modules'
44 error     at Error (native)
44 error  { [Error: EACCES: permission denied, access '/home/dhaval/Documents/htdocs/manjhi-touch/node_modules']
44 error   errno: -13,
44 error   code: 'EACCES',
44 error   syscall: 'access',
44 error   path: '/home/dhaval/Documents/htdocs/manjhi-touch/node_modules' }
45 error Please try running this command again as root/Administrator.
46 verbose exit [ -13, true ]
